Started by user [8mha:AAAAlh+LCAAAAAAAAP9b85aBtbiIQTGjNKU4P08vOT+vOD8nVc83PyU1x6OyILUoJzMv2y+/JJUBAhiZGBgqihhk0NSjKDWzXb3RdlLBUSYGJk8GtpzUvPSSDB8G5tKinBIGIZ+sxLJE/ZzEvHT94JKizLx0a6BxUmjGOUNodHsLgAzOEgYu/dLi1CL9vNKcHACFIKlWvwAAAA==[0manonymous
Building in workspace /Users/seena/.jenkins/workspace/maven_multi_sonar
FSSCM.checkout /Users/seena/development/STS/maven-multi-module to /Users/seena/.jenkins/workspace/maven_multi_sonar
Deleted file: implementation/target/classes/org/example/core/Greeter.class
Deleted file: implementation/target/classes/springImplementationContext.xml
Deleted file: implementation/target/maven-archiver/pom.properties
Deleted file: implementation/target/sample-implementation-1.0.jar
Deleted file: interface/target/classes/org/example/core/IGreeter.class
Deleted file: interface/target/maven-archiver/pom.properties
Deleted file: interface/target/sample-interface-1.0.jar
Deleted file: service/target/classes/org/example/service/GreetingService.class
Deleted file: service/target/classes/springServiceContext.xml
Deleted file: service/target/maven-archiver/pom.properties
Deleted file: service/target/sample-service-1.0.jar
Deleted file: service/target/surefire-reports/org.example.service.GreetingServiceTest.txt
Deleted file: service/target/surefire-reports/TEST-org.example.service.GreetingServiceTest.xml
Deleted file: service/target/test-classes/org/example/service/GreetingServiceTest.class
Deleted file: web/target/classes/org/example/web/HomeController.class
Deleted file: web/target/classes/springWebContext.xml
Deleted file: web/target/maven-archiver/pom.properties
Deleted file: web/target/sample-web-1.0/css/bootstrap.css
Deleted file: web/target/sample-web-1.0/page/home.jsp
Deleted file: web/target/sample-web-1.0/WEB-INF/classes/org/example/web/HomeController.class
Deleted file: web/target/sample-web-1.0/WEB-INF/classes/springWebContext.xml
Deleted file: web/target/sample-web-1.0/WEB-INF/lib/aopalliance-1.0.jar
Deleted file: web/target/sample-web-1.0/WEB-INF/lib/commons-logging-1.1.1.jar
Deleted file: web/target/sample-web-1.0/WEB-INF/lib/sample-implementation-1.0.jar
Deleted file: web/target/sample-web-1.0/WEB-INF/lib/sample-interface-1.0.jar
Deleted file: web/target/sample-web-1.0/WEB-INF/lib/sample-service-1.0.jar
Deleted file: web/target/sample-web-1.0/WEB-INF/lib/spring-aop-4.0.0.RELEASE.jar
Deleted file: web/target/sample-web-1.0/WEB-INF/lib/spring-beans-4.0.0.RELEASE.jar
Deleted file: web/target/sample-web-1.0/WEB-INF/lib/spring-context-4.0.0.RELEASE.jar
Deleted file: web/target/sample-web-1.0/WEB-INF/lib/spring-core-4.0.0.RELEASE.jar
Deleted file: web/target/sample-web-1.0/WEB-INF/lib/spring-expression-4.0.0.RELEASE.jar
Deleted file: web/target/sample-web-1.0/WEB-INF/lib/spring-web-4.0.0.RELEASE.jar
Deleted file: web/target/sample-web-1.0/WEB-INF/lib/spring-webmvc-4.0.0.RELEASE.jar
Deleted file: web/target/sample-web-1.0/WEB-INF/web.xml
Deleted file: web/target/sample-web-1.0.war

FSSCM.check completed in 51 milliseconds
ERROR: Processing failed due to a bug in the code. Please report this to jenkinsci-users@googlegroups.com
[8mha:AAAAWB+LCAAAAAAAAP9b85aBtbiIQSmjNKU4P08vOT+vOD8nVc8DzHWtSE4tKMnMz/PLL0ldFVf2c+b/lb5MDAwVRQxSaBqcITRIIQMEMIIUFgAAckCEiWAAAAA=[0mjava.lang.IllegalArgumentException: /Users/seena/development/STS/maven-multi-module doesn't have a 'lib' subdirectory - thus cannot be a valid maven installation!
	at hudson.maven.MavenEmbedderUtils.buildClassRealm(MavenEmbedderUtils.java:83)
	at hudson.maven.MavenEmbedderUtils.getMavenVersion(MavenEmbedderUtils.java:188)
	at hudson.maven.MavenVersionCallable.call(MavenVersionCallable.java:70)
	at hudson.maven.MavenVersionCallable.call(MavenVersionCallable.java:42)
	at hudson.FilePath.act(FilePath.java:1006)
	at hudson.maven.MavenModuleSetBuild$MavenModuleSetBuildExecution.doRun(MavenModuleSetBuild.java:617)
	at hudson.model.AbstractBuild$AbstractBuildExecution.run(AbstractBuild.java:565)
	at hudson.model.Run.execute(Run.java:1670)
	at hudson.maven.MavenModuleSetBuild.run(MavenModuleSetBuild.java:519)
	at hudson.model.ResourceController.execute(ResourceController.java:88)
	at hudson.model.Executor.run(Executor.java:231)
project=hudson.maven.MavenModuleSet@2999d183[maven_multi_sonar]
project.getModules()=[]
project.getRootModule()=null
FATAL: /Users/seena/development/STS/maven-multi-module doesn't have a 'lib' subdirectory - thus cannot be a valid maven installation!
[8mha:AAAAWB+LCAAAAAAAAP9b85aBtbiIQSmjNKU4P08vOT+vOD8nVc8DzHWtSE4tKMnMz/PLL0ldFVf2c+b/lb5MDAwVRQxSaBqcITRIIQMEMIIUFgAAckCEiWAAAAA=[0mjava.lang.IllegalArgumentException: /Users/seena/development/STS/maven-multi-module doesn't have a 'lib' subdirectory - thus cannot be a valid maven installation!
	at hudson.maven.MavenEmbedderUtils.buildClassRealm(MavenEmbedderUtils.java:83)
	at hudson.maven.MavenEmbedderUtils.getMavenVersion(MavenEmbedderUtils.java:188)
	at hudson.maven.MavenVersionCallable.call(MavenVersionCallable.java:70)
	at hudson.maven.MavenVersionCallable.call(MavenVersionCallable.java:42)
	at hudson.FilePath.act(FilePath.java:1006)
	at hudson.maven.MavenModuleSetBuild$MavenModuleSetBuildExecution.doRun(MavenModuleSetBuild.java:617)
	at hudson.model.AbstractBuild$AbstractBuildExecution.run(AbstractBuild.java:565)
	at hudson.model.Run.execute(Run.java:1670)
	at hudson.maven.MavenModuleSetBuild.run(MavenModuleSetBuild.java:519)
	at hudson.model.ResourceController.execute(ResourceController.java:88)
	at hudson.model.Executor.run(Executor.java:231)
